<?xml version="1.0" encoding="UTF-8"?>
<testng-results skipped="0" failed="0" ignored="0" total="2" passed="2">
  <reporter-output>
  </reporter-output>
  <suite name="example suite 1" duration-ms="34684" started-at="2019-01-21T17:29:57Z" finished-at="2019-01-21T17:30:31Z">
    <groups>
    </groups>
    <test name="Regression suite 1" duration-ms="34684" started-at="2019-01-21T17:29:57Z" finished-at="2019-01-21T17:30:31Z">
      <class name="testpkg1.Test1">
        <test-method status="PASS" signature="beforeMethod()[pri:0, instance:testpkg1.Test1@4501b7af]" name="beforeMethod" is-config="true" duration-ms="4556" started-at="2019-01-21T17:29:57Z" finished-at="2019-01-21T17:30:01Z">
          <reporter-output>
          </reporter-output>
        </test-method> <!-- beforeMethod -->
        <test-method status="PASS" signature="f()[pri:0, instance:testpkg1.Test1@4501b7af]" name="f" duration-ms="19511" started-at="2019-01-21T17:30:01Z" finished-at="2019-01-21T17:30:21Z">
          <reporter-output>
          </reporter-output>
        </test-method> <!-- f -->
        <test-method status="PASS" signature="afterMethod()[pri:0, instance:testpkg1.Test1@4501b7af]" name="afterMethod" is-config="true" duration-ms="830" started-at="2019-01-21T17:30:21Z" finished-at="2019-01-21T17:30:21Z">
          <reporter-output>
          </reporter-output>
        </test-method> <!-- afterMethod -->
      </class> <!-- testpkg1.Test1 -->
      <class name="testpkg1.test2">
        <test-method status="PASS" signature="beforeMethod()[pri:0, instance:testpkg1.test2@523884b2]" name="beforeMethod" is-config="true" duration-ms="3327" started-at="2019-01-21T17:30:21Z" finished-at="2019-01-21T17:30:25Z">
          <reporter-output>
          </reporter-output>
        </test-method> <!-- beforeMethod -->
        <test-method status="PASS" signature="f()[pri:0, instance:testpkg1.test2@523884b2]" name="f" duration-ms="5688" started-at="2019-01-21T17:30:25Z" finished-at="2019-01-21T17:30:30Z">
          <reporter-output>
          </reporter-output>
        </test-method> <!-- f -->
        <test-method status="PASS" signature="afterMethod()[pri:0, instance:testpkg1.test2@523884b2]" name="afterMethod" is-config="true" duration-ms="734" started-at="2019-01-21T17:30:30Z" finished-at="2019-01-21T17:30:31Z">
          <reporter-output>
          </reporter-output>
        </test-method> <!-- afterMethod -->
      </class> <!-- testpkg1.test2 -->
    </test> <!-- Regression suite 1 -->
  </suite> <!-- example suite 1 -->
</testng-results>
